<?xml version="1.0" encoding="UTF-8"?>
<!-- Generated by org.testng.reporters.JUnitReportReporter -->
<testsuite hostname="DESKTOP-VSA6J3H" failures="0" tests="2" name="tc1_Repository.ORG_04" time="42.648" errors="0" timestamp="2024-08-30T10:56:40 IST" skipped="0">
  <testcase classname="tc1_Repository.ORG_04" name="org_04Case" time="22.259"/>
  <system-out/>
  <testcase classname="tc1_Repository.ORG_04" name="org_04Case" time="20.389"/>
  <system-out/>
</testsuite> <!-- tc1_Repository.ORG_04 -->
