<?xml version="1.0" encoding="UTF-8"?>
<!-- Generated by org.testng.reporters.JUnitReportReporter -->
<testsuite hostname="DESKTOP-VSA6J3H" failures="0" tests="1" name="tc_Repository.LE_02" time="14.594" errors="0" timestamp="2024-08-30T16:04:52 IST" skipped="0">
  <testcase classname="tc_Repository.LE_02" name="le_02Case" time="14.594"/>
  <system-out>
    <![CDATA[le_02CaseExecution successfull
le_02CaseExecution successfull]]>
  </system-out>
</testsuite> <!-- tc_Repository.LE_02 -->
