<?xml version="1.0" encoding="UTF-8"?>
<!-- Generated by org.testng.reporters.JUnitReportReporter -->
<testsuite hostname="DESKTOP-VSA6J3H" failures="0" tests="2" name="sample.Sample1" time="0.006" errors="0" timestamp="2024-08-27T16:01:55 IST" skipped="0">
  <testcase classname="sample.Sample1" name="deleteUser" time="0.005"/>
  <system-out/>
  <testcase classname="sample.Sample1" name="createUser" time="0.001"/>
  <system-out/>
</testsuite> <!-- sample.Sample1 -->
