<?xml version="1.0" encoding="UTF-8"?>
<!-- Generated by org.testng.reporters.JUnitReportReporter -->
<testsuite hostname="DESKTOP-VSA6J3H" failures="0" tests="1" name="tc1_Repository.ORG_01$LE_01" time="13.353" errors="0" timestamp="2024-08-29T22:15:20 IST" skipped="0">
  <testcase classname="tc1_Repository.ORG_01$LE_01" name="le_01Case" time="13.353"/>
  <system-out/>
</testsuite> <!-- tc1_Repository.ORG_01$LE_01 -->
