<?xml version="1.0" encoding="UTF-8"?>
<!-- Generated by org.testng.reporters.JUnitReportReporter -->
<testsuite hostname="DESKTOP-VSA6J3H" failures="0" tests="1" name="tc_Repository.LE_03" time="18.279" errors="0" timestamp="2024-08-30T16:04:52 IST" skipped="0">
  <testcase classname="tc_Repository.LE_03" name="le_03Case" time="18.279"/>
  <system-out>
    <![CDATA[le_03CaseExecution successfull
le_03CaseExecution successfull]]>
  </system-out>
</testsuite> <!-- tc_Repository.LE_03 -->
