<?xml version="1.0" encoding="UTF-8"?>
<!-- Generated by org.testng.reporters.JUnitReportReporter -->
<testsuite hostname="DESKTOP-VSA6J3H" failures="0" tests="1" name="tc_Repository.LE_04" time="25.210" errors="0" timestamp="2024-08-30T16:04:52 IST" skipped="0">
  <testcase classname="tc_Repository.LE_04" name="le_04Case" time="25.210"/>
  <system-out>
    <![CDATA[le_04CaseExecution successfull
le_04CaseExecution successfull]]>
  </system-out>
</testsuite> <!-- tc_Repository.LE_04 -->
