<?xml version="1.0" encoding="UTF-8"?>
<!-- Generated by org.testng.reporters.JUnitReportReporter -->
<testsuite hostname="DESKTOP-VSA6J3H" failures="0" tests="1" name="genericUtilityOrLib.LE_02" time="19.470" errors="0" timestamp="2024-08-29T16:17:56 IST" skipped="0">
  <testcase classname="genericUtilityOrLib.LE_02" name="le_02Case" time="19.470"/>
  <system-out/>
</testsuite> <!-- genericUtilityOrLib.LE_02 -->
