<?xml version="1.0" encoding="UTF-8"?>
<!-- Generated by org.testng.reporters.JUnitReportReporter -->
<testsuite hostname="DESKTOP-VSA6J3H" failures="0" tests="2" name="tc1_Repository.ORG_01" time="39.146" errors="0" timestamp="2024-08-30T10:56:40 IST" skipped="0">
  <testcase classname="tc1_Repository.ORG_01" name="org_01Case" time="20.017"/>
  <system-out/>
  <testcase classname="tc1_Repository.ORG_01" name="org_01Case" time="19.129"/>
  <system-out/>
</testsuite> <!-- tc1_Repository.ORG_01 -->
