<?xml version="1.0" encoding="UTF-8"?>
<!-- Generated by org.testng.reporters.JUnitReportReporter -->
<testsuite hostname="DESKTOP-VSA6J3H" failures="0" tests="1" name="tc_Repository.LE_01" time="13.440" errors="0" timestamp="2024-08-30T16:04:52 IST" skipped="0">
  <testcase classname="tc_Repository.LE_01" name="le_01Case" time="13.440"/>
  <system-out>
    <![CDATA[le_01CaseExecution successfull
le_01CaseExecution successfull]]>
  </system-out>
</testsuite> <!-- tc_Repository.LE_01 -->
